<?xml version="1.0" encoding="UTF-8"?>
<!-- Generated by org.testng.reporters.JUnitXMLReporter -->
<testsuite hostname="DESKTOP-MLK1P20" ignored="0" name="Test" tests="1" failures="1" timestamp="03 sept. 2018 17:49:36 GMT" time="22.252" errors="0">
  <testcase name="testBrowser" time="22.126" classname="cross.testCross">
    <failure type="org.openqa.selenium.WebDriverException" message="Timed out waiting for driver server to start.
Build info: version: &amp;apos;3.14.0&amp;apos;, revision: &amp;apos;aacccce0&amp;apos;, time: &amp;apos;2018-08-02T20:05:20.749Z&amp;apos;
System info: host: &amp;apos;DESKTOP-MLK1P20&amp;apos;, ip: &amp;apos;192.168.0.108&amp;apos;, os.name: &amp;apos;Windows 10&amp;apos;, os.arch: &amp;apos;amd64&amp;apos;, os.version: &amp;apos;10.0&amp;apos;, java.version: &amp;apos;1.8.0_181&amp;apos;
Driver info: driver.version: InternetExplorerDriver">
      <![CDATA[org.openqa.selenium.WebDriverException: Timed out waiting for driver server to start.
Build info: version: '3.14.0', revision: 'aacccce0', time: '2018-08-02T20:05:20.749Z'
System info: host: 'DESKTOP-MLK1P20', ip: '192.168.0.108', os.name: 'Windows 10', os.arch: 'amd64', os.version: '10.0', java.version: '1.8.0_181'
Driver info: driver.version: InternetExplorerDriver
at org.openqa.selenium.remote.service.DriverService.waitUntilAvailable(DriverService.java:193)
at org.openqa.selenium.remote.service.DriverService.start(DriverService.java:179)
at org.openqa.selenium.remote.service.DriverCommandExecutor.execute(DriverCommandExecutor.java:79)
at org.openqa.selenium.remote.RemoteWebDriver.execute(RemoteWebDriver.java:548)
at org.openqa.selenium.remote.RemoteWebDriver.startSession(RemoteWebDriver.java:212)
at org.openqa.selenium.ie.InternetExplorerDriver.run(InternetExplorerDriver.java:221)
at org.openqa.selenium.ie.InternetExplorerDriver.<init>(InternetExplorerDriver.java:213)
at org.openqa.selenium.ie.InternetExplorerDriver.<init>(InternetExplorerDriver.java:150)
at cross.testCross.testBrowser(testCross.java:25)
Caused by: org.openqa.selenium.net.UrlChecker$TimeoutException: Timed out waiting for [http://localhost:9035/status] to be available after 20012 ms
at org.openqa.selenium.net.UrlChecker.waitUntilAvailable(UrlChecker.java:100)
at org.openqa.selenium.remote.service.DriverService.waitUntilAvailable(DriverService.java:188)
... 33 more
Caused by: java.util.concurrent.TimeoutException
at java.util.concurrent.FutureTask.get(Unknown Source)
at com.google.common.util.concurrent.SimpleTimeLimiter.callWithTimeout(SimpleTimeLimiter.java:156)
at org.openqa.selenium.net.UrlChecker.waitUntilAvailable(UrlChecker.java:75)
... 34 more
... Removed 25 stack frames]]>
    </failure>
  </testcase> <!-- testBrowser -->
</testsuite> <!-- Test -->
